<?xml version="1.0" encoding="UTF-8"?>
<!-- Generated by org.testng.reporters.JUnitReportReporter -->
<testsuite hostname="DESKTOP-JG4L1CO" failures="0" tests="1" name="com.crm.product.CreateProductTest" time="16.760" errors="0" timestamp="2022-10-06T11:52:50 IST" skipped="0">
  <testcase classname="com.crm.product.CreateProductTest" name="createProductTest" time="16.760"/>
  <system-out/>
</testsuite> <!-- com.crm.product.CreateProductTest -->
