<?xml version="1.0" encoding="UTF-8"?>
<!-- Generated by org.testng.reporters.JUnitReportReporter -->
<testsuite hostname="DESKTOP-JG4L1CO" failures="0" tests="1" name="com.crm.campaign.CreateCampaignWithProductTest" time="19.682" errors="0" timestamp="2022-10-11T14:52:18 IST" skipped="0">
  <testcase classname="com.crm.campaign.CreateCampaignWithProductTest" name="createcampaignWithProductTest" time="19.682"/>
  <system-out/>
</testsuite> <!-- com.crm.campaign.CreateCampaignWithProductTest -->
