<?xml version="1.0" encoding="UTF-8"?>
<!-- Generated by org.testng.reporters.JUnitReportReporter -->
<testsuite hostname="DESKTOP-JG4L1CO" failures="0" tests="5" name="practice.dataProviderTest" time="0.008" errors="0" timestamp="2022-10-14T12:06:38 IST" skipped="0">
  <testcase classname="practice.dataProviderTest" name="bookTicket" time="0.000"/>
  <system-out/>
  <testcase classname="practice.dataProviderTest" name="bookTicket" time="0.001"/>
  <system-out/>
  <testcase classname="practice.dataProviderTest" name="bookTicket" time="0.001"/>
  <system-out/>
  <testcase classname="practice.dataProviderTest" name="bookTicket" time="0.000"/>
  <system-out/>
  <testcase classname="practice.dataProviderTest" name="bookTicket" time="0.006"/>
  <system-out/>
</testsuite> <!-- practice.dataProviderTest -->
