<?xml version="1.0" encoding="UTF-8"?>
<!-- Generated by org.testng.reporters.JUnitReportReporter -->
<testsuite hostname="DESKTOP-JG4L1CO" failures="0" tests="1" name="com.crm.campaign.createCampaign" time="19.315" errors="0" timestamp="2022-10-04T11:47:12 IST" skipped="0">
  <testcase classname="com.crm.campaign.createCampaign" name="createcampaign" time="19.315"/>
  <system-out/>
</testsuite> <!-- com.crm.campaign.createCampaign -->
