<?xml version="1.0" encoding="UTF-8"?>
<!-- Generated by org.testng.reporters.JUnitReportReporter -->
<testsuite hostname="DESKTOP-JG4L1CO" failures="0" tests="1" name="com.crm.product.Delete_ProductTest" time="16.321" errors="0" timestamp="2022-10-06T11:40:56 IST" skipped="0">
  <testcase classname="com.crm.product.Delete_ProductTest" name="DeleteProductTest" time="16.321"/>
  <system-out/>
</testsuite> <!-- com.crm.product.Delete_ProductTest -->
