<?xml version="1.0" encoding="UTF-8"?>
<!-- Generated by org.testng.reporters.JUnitReportReporter -->
<testsuite hostname="DESKTOP-JG4L1CO" failures="0" tests="1" name="com.crm.campaign.createCampaignTest" time="42.041" errors="0" timestamp="2022-10-10T16:11:12 IST" skipped="0">
  <testcase classname="com.crm.campaign.createCampaignTest" name="createcampaigntest" time="42.041"/>
  <system-out/>
</testsuite> <!-- com.crm.campaign.createCampaignTest -->
